# JRE version: Java(TM) SE Runtime Environment (25.0.1+8) (build 25.0.1+8-LTS-27)
# Java VM: Java HotSpot(TM) 64-Bit Server VM (25.0.1+8-LTS-27, mixed mode, sharing, tiered, compressed oops, compressed class ptrs, g1 gc, windows-amd64)
GC Precious Log:
 CardTable entry size: 512
 Card Set container configuration: InlinePtr #cards 5 size 8 Array Of Cards #cards 10 size 36 Howl #buckets 4 coarsen threshold 1843 Howl Bitmap #cards 512 size 80 coarsen threshold 460 Card regions per heap region 1 cards per card region 2048
 CPUs: 12 total, 12 available
 Memory: 7863M
 Large Page Support: Disabled
 NUMA Support: Disabled
 Compressed Oops: Enabled (32-bit)
 Heap Region Size: 1M
 Heap Min Capacity: 8M
 Heap Initial Capacity: 124M
 Heap Max Capacity: 1966M
 Pre-touch: Disabled
 Parallel Workers: 10
 Concurrent Workers: 3
 Concurrent Refinement Workers: 10
 Periodic GC: Disabled
Heap:
 garbage-first heap   total reserved 2013184K, committed 79872K, used 54174K [0x0000000085200000, 0x0000000100000000)
  region size 1024K, 24 young (24576K), 3 survivors (3072K)
GC Heap Usage History (20 events):
Event: 4.815 {heap Before GC invocations=13 (full 0):
 garbage-first heap   total reserved 2013184K, committed 59392K, used 52034K [0x0000000085200000, 0x0000000100000000)
  region size 1024K, 26 young (26624K), 4 survivors (4096K)
}
Event: 4.819 {heap After GC invocations=14 (full 0):
 garbage-first heap   total reserved 2013184K, committed 59392K, used 31272K [0x0000000085200000, 0x0000000100000000)
  region size 1024K, 4 young (4096K), 4 survivors (4096K)
}
Event: 4.872 {heap Before GC invocations=14 (full 0):
 garbage-first heap   total reserved 2013184K, committed 59392K, used 52776K [0x0000000085200000, 0x0000000100000000)
  region size 1024K, 25 young (25600K), 4 survivors (4096K)
}
Event: 4.875 {heap After GC invocations=15 (full 0):
 garbage-first heap   total reserved 2013184K, committed 61440K, used 34556K [0x0000000085200000, 0x0000000100000000)
  region size 1024K, 4 young (4096K), 4 survivors (4096K)
}
Event: 4.996 {heap Before GC invocations=16 (full 0):
 garbage-first heap   total reserved 2013184K, committed 61440K, used 52988K [0x0000000085200000, 0x0000000100000000)
  region size 1024K, 23 young (23552K), 4 survivors (4096K)
}
Event: 5.000 {heap After GC invocations=17 (full 0):
 garbage-first heap   total reserved 2013184K, committed 61440K, used 37326K [0x0000000085200000, 0x0000000100000000)
  region size 1024K, 3 young (3072K), 3 survivors (3072K)
}
Event: 5.182 {heap Before GC invocations=17 (full 0):
 garbage-first heap   total reserved 2013184K, committed 61440K, used 54734K [0x0000000085200000, 0x0000000100000000)
  region size 1024K, 20 young (20480K), 3 survivors (3072K)
}
Event: 5.185 {heap After GC invocations=18 (full 0):
 garbage-first heap   total reserved 2013184K, committed 73728K, used 36464K [0x0000000085200000, 0x0000000100000000)
  region size 1024K, 1 young (1024K), 1 survivors (1024K)
}
Event: 180.626 {heap Before GC invocations=18 (full 0):
 garbage-first heap   total reserved 2013184K, committed 73728K, used 63088K [0x0000000085200000, 0x0000000100000000)
  region size 1024K, 27 young (27648K), 1 survivors (1024K)
}
Event: 180.647 {heap After GC invocations=19 (full 0):
 garbage-first heap   total reserved 2013184K, committed 73728K, used 38581K [0x0000000085200000, 0x0000000100000000)
  region size 1024K, 3 young (3072K), 3 survivors (3072K)
}
Event: 469.956 {heap Before GC invocations=20 (full 0):
 garbage-first heap   total reserved 2013184K, committed 73728K, used 64181K [0x0000000085200000, 0x0000000100000000)
  region size 1024K, 29 young (29696K), 3 survivors (3072K)
}
Event: 469.978 {heap After GC invocations=21 (full 0):
 garbage-first heap   total reserved 2013184K, committed 73728K, used 40067K [0x0000000085200000, 0x0000000100000000)
  region size 1024K, 4 young (4096K), 4 survivors (4096K)
}
Event: 2351.454 {heap Before GC invocations=21 (full 0):
 garbage-first heap   total reserved 2013184K, committed 73728K, used 64643K [0x0000000085200000, 0x0000000100000000)
  region size 1024K, 29 young (29696K), 4 survivors (4096K)
}
Event: 2351.529 {heap After GC invocations=22 (full 0):
 garbage-first heap   total reserved 2013184K, committed 73728K, used 38037K [0x0000000085200000, 0x0000000100000000)
  region size 1024K, 3 young (3072K), 3 survivors (3072K)
}
Event: 6323.611 {heap Before GC invocations=22 (full 0):
 garbage-first heap   total reserved 2013184K, committed 73728K, used 64661K [0x0000000085200000, 0x0000000100000000)
  region size 1024K, 30 young (30720K), 3 survivors (3072K)
}
Event: 6323.695 {heap After GC invocations=23 (full 0):
 garbage-first heap   total reserved 2013184K, committed 73728K, used 38042K [0x0000000085200000, 0x0000000100000000)
  region size 1024K, 3 young (3072K), 3 survivors (3072K)
}
Event: 7323.642 {heap Before GC invocations=24 (full 0):
 garbage-first heap   total reserved 2013184K, committed 73728K, used 66714K [0x0000000085200000, 0x0000000100000000)
  region size 1024K, 31 young (31744K), 3 survivors (3072K)
}
Event: 7323.777 {heap After GC invocations=25 (full 0):
 garbage-first heap   total reserved 2013184K, committed 73728K, used 38028K [0x0000000085200000, 0x0000000100000000)
  region size 1024K, 3 young (3072K), 3 survivors (3072K)
}
Event: 8253.665 {heap Before GC invocations=25 (full 0):
 garbage-first heap   total reserved 2013184K, committed 73728K, used 66700K [0x0000000085200000, 0x0000000100000000)
  region size 1024K, 32 young (32768K), 3 survivors (3072K)
}
Event: 8254.012 {heap After GC invocations=26 (full 0):
 garbage-first heap   total reserved 2013184K, committed 79872K, used 33694K [0x0000000085200000, 0x0000000100000000)
  region size 1024K, 3 young (3072K), 3 survivors (3072K)
}

